#
# There is insufficient memory for the Java Runtime Environment to continue.
# Native memory allocation (malloc) failed to allocate 612576 bytes for Chunk::new
# Possible reasons:
#   The system is out of physical RAM or swap space
#   The process is running with CompressedOops enabled, and the Java Heap may be blocking the growth of the native heap
# Possible solutions:
#   Reduce memory load on the system
#   Increase physical memory or swap space
#   Check if swap backing store is full
#   Decrease Java heap size (-Xmx/-Xms)
#   Decrease number of Java threads
#   Decrease Java thread stack sizes (-Xss)
#   Set larger code cache with -XX:ReservedCodeCacheSize=
#   JVM is running with Zero Based Compressed Oops mode in which the Java heap is
#     placed in the first 32GB address space. The Java Heap base address is the
#     maximum limit for the native heap growth. Please use -XX:HeapBaseMinAddress
#     to set the Java Heap base and to place the Java Heap above 32GB virtual address.
# This output file may be truncated or incomplete.
#
#  Out of Memory Error (allocation.cpp:389), pid=20964, tid=0x0000000000009e68
#
# JRE version: Java(TM) SE Runtime Environment (8.0_202-b08) (build 1.8.0_202-b08)
# Java VM: Java HotSpot(TM) 64-Bit Server VM (25.202-b08 mixed mode windows-amd64 compressed oops)
# Failed to write core dump. Minidumps are not enabled by default on client versions of Windows
#

---------------  T H R E A D  ---------------

Current thread (0x000000001f2e5800):  JavaThread "C2 CompilerThread2" daemon [_thread_in_native, id=40552, stack(0x000000001f870000,0x000000001f970000)]

Stack: [0x000000001f870000,0x000000001f970000]
[error occurred during error reporting (printing stack bounds), id 0xc0000005]

Native frames: (J=compiled Java code, j=interpreted, Vv=VM code, C=native code)


Current CompileTask:
C2:   8769 2807       4       org.springframework.beans.factory.support.AbstractBeanFactory::isTypeMatch (607 bytes)


---------------  P R O C E S S  ---------------

Java Threads: ( => current thread )
  0x0000000023299800 JavaThread "spring.cloud.inetutils" daemon [_thread_in_native, id=26476, stack(0x00000000225c0000,0x00000000226c0000)]
  0x0000000020a0e800 JavaThread "spring.cloud.inetutils" daemon [_thread_in_native, id=28664, stack(0x00000000222c0000,0x00000000223c0000)]
  0x000000001f2e7000 JavaThread "Service Thread" daemon [_thread_blocked, id=12244, stack(0x000000001fa70000,0x000000001fb70000)]
  0x000000001f2e6000 JavaThread "C1 CompilerThread3" daemon [_thread_blocked, id=12356, stack(0x000000001f970000,0x000000001fa70000)]
=>0x000000001f2e5800 JavaThread "C2 CompilerThread2" daemon [_thread_in_native, id=40552, stack(0x000000001f870000,0x000000001f970000)]
  0x000000001f2b0000 JavaThread "C2 CompilerThread1" daemon [_thread_in_native, id=39412, stack(0x000000001f770000,0x000000001f870000)]
  0x000000001f2af000 JavaThread "C2 CompilerThread0" daemon [_thread_in_native, id=32688, stack(0x000000001f670000,0x000000001f770000)]
  0x000000001e42a800 JavaThread "JDWP Command Reader" daemon [_thread_in_native, id=25344, stack(0x000000001ed70000,0x000000001ee70000)]
  0x000000001e427800 JavaThread "JDWP Event Helper Thread" daemon [_thread_blocked, id=40980, stack(0x000000001ec70000,0x000000001ed70000)]
  0x000000001e426800 JavaThread "JDWP Transport Listener: dt_socket" daemon [_thread_blocked, id=38392, stack(0x000000001eb70000,0x000000001ec70000)]
  0x000000001e40a800 JavaThread "Attach Listener" daemon [_thread_blocked, id=9904, stack(0x000000001ea70000,0x000000001eb70000)]
  0x000000001e3b4000 JavaThread "Signal Dispatcher" daemon [_thread_blocked, id=41336, stack(0x000000001e970000,0x000000001ea70000)]
  0x000000001c5a4800 JavaThread "Finalizer" daemon [_thread_blocked, id=7976, stack(0x000000001e870000,0x000000001e970000)]
  0x000000001e390800 JavaThread "Reference Handler" daemon [_thread_blocked, id=30560, stack(0x000000001e770000,0x000000001e870000)]
  0x00000000028c3000 JavaThread "main" [_thread_in_vm, id=40172, stack(0x00000000027c0000,0x00000000028c0000)]

Other Threads:
  0x000000001c597000 VMThread [stack: 0x000000001e270000,0x000000001e370000] [id=40900]
  0x000000001f417000 WatcherThread [stack: 0x000000001fb70000,0x000000001fc70000] [id=28616]

VM state:not at safepoint (normal execution)

VM Mutex/Monitor currently owned by a thread: None

heap address: 0x00000006c1c00000, size: 4068 MB, Compressed Oops mode: Zero based, Oop shift amount: 3
Narrow klass base: 0x0000000000000000, Narrow klass shift: 3
Compressed class space size: 1073741824 Address: 0x00000007c0000000

Heap:
 PSYoungGen      total 110592K, used 103783K [0x000000076b400000, 0x0000000772c00000, 0x00000007c0000000)
  eden space 104448K, 93% used [0x000000076b400000,0x00000007713746d8,0x0000000771a00000)
  from space 6144K, 98% used [0x0000000772600000,0x0000000772be55c0,0x0000000772c00000)
  to   space 8704K, 0% used [0x0000000771b00000,0x0000000771b00000,0x0000000772380000)
 ParOldGen       total 96256K, used 7475K [0x00000006c1c00000, 0x00000006c7a00000, 0x000000076b400000)
  object space 96256K, 7% used [0x00000006c1c00000,0x00000006c234cce8,0x00000006c7a00000)
 Metaspace       used 30324K, capacity 32324K, committed 32640K, reserved 1077248K
  class space    used 4024K, capacity 4408K, committed 4480K, reserved 1048576K

Card table byte_map: [0x0000000011f40000,0x0000000012740000] byte_map_base: 0x000000000e932000

Marking Bits: (ParMarkBitMap*) 0x0000000055a25ce0
 Begin Bits: [0x0000000013490000, 0x0000000017420000)
 End Bits:   [0x0000000017420000, 0x000000001b3b0000)

Polling page: 0x0000000000a10000

CodeCache: size=245760Kb used=9004Kb max_used=9004Kb free=236755Kb
 bounds [0x0000000002b80000, 0x0000000003460000, 0x0000000011b80000]
 total_blobs=3031 nmethods=2630 adapters=321
 compilation: enabled

Compilation events (10 events):
Event: 8.718 Thread 0x000000001f2e6000 2811       3       java.lang.reflect.Method::setMethodAccessor (21 bytes)
Event: 8.719 Thread 0x000000001f2e6000 nmethod 2811 0x00000000034449d0 code [0x0000000003444b40, 0x0000000003444f08]
Event: 8.719 Thread 0x000000001f2e6000 2810       1       java.lang.reflect.Method::getMethodAccessor (5 bytes)
Event: 8.719 Thread 0x000000001f2e6000 nmethod 2810 0x0000000003450d90 code [0x0000000003450ee0, 0x0000000003450ff0]
Event: 8.757 Thread 0x000000001f2e6000 2813       3       org.springframework.beans.support.ResourceEditorRegistrar::doRegisterEditor (28 bytes)
Event: 8.758 Thread 0x000000001f2e6000 nmethod 2813 0x000000000344fed0 code [0x00000000034500a0, 0x00000000034509d8]
Event: 8.758 Thread 0x000000001f2e6000 2814       3       org.springframework.beans.PropertyEditorRegistrySupport::overrideDefaultEditor (31 bytes)
Event: 8.759 Thread 0x000000001f2e6000 nmethod 2814 0x000000000344f750 code [0x000000000344f8e0, 0x000000000344fd08]
Event: 8.764 Thread 0x000000001f2e6000 2815       3       java.util.TimSort::sort (229 bytes)
Event: 8.765 Thread 0x000000001f2e6000 nmethod 2815 0x000000000344e8d0 code [0x000000000344eac0, 0x000000000344f1f8]

GC Heap History (10 events):
Event: 5.092 GC heap before
{Heap before GC invocations=3 (full 0):
 PSYoungGen      total 76288K, used 71655K [0x000000076b400000, 0x0000000770900000, 0x00000007c0000000)
  eden space 65536K, 100% used [0x000000076b400000,0x000000076f400000,0x000000076f400000)
  from space 10752K, 56% used [0x000000076fe80000,0x0000000770479ff8,0x0000000770900000)
  to   space 10752K, 0% used [0x000000076f400000,0x000000076f400000,0x000000076fe80000)
 ParOldGen       total 175104K, used 24K [0x00000006c1c00000, 0x00000006cc700000, 0x000000076b400000)
  object space 175104K, 0% used [0x00000006c1c00000,0x00000006c1c06000,0x00000006cc700000)
 Metaspace       used 17197K, capacity 18504K, committed 18688K, reserved 1064960K
  class space    used 2249K, capacity 2518K, committed 2560K, reserved 1048576K
Event: 5.099 GC heap after
Heap after GC invocations=3 (full 0):
 PSYoungGen      total 76288K, used 7343K [0x000000076b400000, 0x0000000770900000, 0x00000007c0000000)
  eden space 65536K, 0% used [0x000000076b400000,0x000000076b400000,0x000000076f400000)
  from space 10752K, 68% used [0x000000076f400000,0x000000076fb2bcf8,0x000000076fe80000)
  to   space 10752K, 0% used [0x000000076fe80000,0x000000076fe80000,0x0000000770900000)
 ParOldGen       total 175104K, used 32K [0x00000006c1c00000, 0x00000006cc700000, 0x000000076b400000)
  object space 175104K, 0% used [0x00000006c1c00000,0x00000006c1c08000,0x00000006cc700000)
 Metaspace       used 17197K, capacity 18504K, committed 18688K, reserved 1064960K
  class space    used 2249K, capacity 2518K, committed 2560K, reserved 1048576K
}
Event: 5.342 GC heap before
{Heap before GC invocations=4 (full 0):
 PSYoungGen      total 76288K, used 65492K [0x000000076b400000, 0x0000000770900000, 0x00000007c0000000)
  eden space 65536K, 88% used [0x000000076b400000,0x000000076ecc9578,0x000000076f400000)
  from space 10752K, 68% used [0x000000076f400000,0x000000076fb2bcf8,0x000000076fe80000)
  to   space 10752K, 0% used [0x000000076fe80000,0x000000076fe80000,0x0000000770900000)
 ParOldGen       total 175104K, used 32K [0x00000006c1c00000, 0x00000006cc700000, 0x000000076b400000)
  object space 175104K, 0% used [0x00000006c1c00000,0x00000006c1c08000,0x00000006cc700000)
 Metaspace       used 19738K, capacity 21118K, committed 21296K, reserved 1067008K
  class space    used 2670K, capacity 2931K, committed 2944K, reserved 1048576K
Event: 5.351 GC heap after
Heap after GC invocations=4 (full 0):
 PSYoungGen      total 76288K, used 7704K [0x000000076b400000, 0x0000000770900000, 0x00000007c0000000)
  eden space 65536K, 0% used [0x000000076b400000,0x000000076b400000,0x000000076f400000)
  from space 10752K, 71% used [0x000000076fe80000,0x0000000770606068,0x0000000770900000)
  to   space 10752K, 0% used [0x000000076f400000,0x000000076f400000,0x000000076fe80000)
 ParOldGen       total 175104K, used 40K [0x00000006c1c00000, 0x00000006cc700000, 0x000000076b400000)
  object space 175104K, 0% used [0x00000006c1c00000,0x00000006c1c0a000,0x00000006cc700000)
 Metaspace       used 19738K, capacity 21118K, committed 21296K, reserved 1067008K
  class space    used 2670K, capacity 2931K, committed 2944K, reserved 1048576K
}
Event: 5.352 GC heap before
{Heap before GC invocations=5 (full 1):
 PSYoungGen      total 76288K, used 7704K [0x000000076b400000, 0x0000000770900000, 0x00000007c0000000)
  eden space 65536K, 0% used [0x000000076b400000,0x000000076b400000,0x000000076f400000)
  from space 10752K, 71% used [0x000000076fe80000,0x0000000770606068,0x0000000770900000)
  to   space 10752K, 0% used [0x000000076f400000,0x000000076f400000,0x000000076fe80000)
 ParOldGen       total 175104K, used 40K [0x00000006c1c00000, 0x00000006cc700000, 0x000000076b400000)
  object space 175104K, 0% used [0x00000006c1c00000,0x00000006c1c0a000,0x00000006cc700000)
 Metaspace       used 19738K, capacity 21118K, committed 21296K, reserved 1067008K
  class space    used 2670K, capacity 2931K, committed 2944K, reserved 1048576K
Event: 5.388 GC heap after
Heap after GC invocations=5 (full 1):
 PSYoungGen      total 76288K, used 0K [0x000000076b400000, 0x0000000770900000, 0x00000007c0000000)
  eden space 65536K, 0% used [0x000000076b400000,0x000000076b400000,0x000000076f400000)
  from space 10752K, 0% used [0x000000076fe80000,0x000000076fe80000,0x0000000770900000)
  to   space 10752K, 0% used [0x000000076f400000,0x000000076f400000,0x000000076fe80000)
 ParOldGen       total 96256K, used 7467K [0x00000006c1c00000, 0x00000006c7a00000, 0x000000076b400000)
  object space 96256K, 7% used [0x00000006c1c00000,0x00000006c234ace8,0x00000006c7a00000)
 Metaspace       used 19738K, capacity 21118K, committed 21296K, reserved 1067008K
  class space    used 2670K, capacity 2931K, committed 2944K, reserved 1048576K
}
Event: 5.676 GC heap before
{Heap before GC invocations=6 (full 1):
 PSYoungGen      total 76288K, used 65536K [0x000000076b400000, 0x0000000770900000, 0x00000007c0000000)
  eden space 65536K, 100% used [0x000000076b400000,0x000000076f400000,0x000000076f400000)
  from space 10752K, 0% used [0x000000076fe80000,0x000000076fe80000,0x0000000770900000)
  to   space 10752K, 0% used [0x000000076f400000,0x000000076f400000,0x000000076fe80000)
 ParOldGen       total 96256K, used 7467K [0x00000006c1c00000, 0x00000006c7a00000, 0x000000076b400000)
  object space 96256K, 7% used [0x00000006c1c00000,0x00000006c234ace8,0x00000006c7a00000)
 Metaspace       used 23463K, capacity 25098K, committed 25344K, reserved 1071104K
  class space    used 3172K, capacity 3497K, committed 3584K, reserved 1048576K
Event: 5.680 GC heap after
Heap after GC invocations=6 (full 1):
 PSYoungGen      total 76288K, used 4779K [0x000000076b400000, 0x0000000772e80000, 0x00000007c0000000)
  eden space 65536K, 0% used [0x000000076b400000,0x000000076b400000,0x000000076f400000)
  from space 10752K, 44% used [0x000000076f400000,0x000000076f8aad38,0x000000076fe80000)
  to   space 8704K, 0% used [0x0000000772600000,0x0000000772600000,0x0000000772e80000)
 ParOldGen       total 96256K, used 7467K [0x00000006c1c00000, 0x00000006c7a00000, 0x000000076b400000)
  object space 96256K, 7% used [0x00000006c1c00000,0x00000006c234ace8,0x00000006c7a00000)
 Metaspace       used 23463K, capacity 25098K, committed 25344K, reserved 1071104K
  class space    used 3172K, capacity 3497K, committed 3584K, reserved 1048576K
}
Event: 8.100 GC heap before
{Heap before GC invocations=7 (full 1):
 PSYoungGen      total 76288K, used 70315K [0x000000076b400000, 0x0000000772e80000, 0x00000007c0000000)
  eden space 65536K, 100% used [0x000000076b400000,0x000000076f400000,0x000000076f400000)
  from space 10752K, 44% used [0x000000076f400000,0x000000076f8aad38,0x000000076fe80000)
  to   space 8704K, 0% used [0x0000000772600000,0x0000000772600000,0x0000000772e80000)
 ParOldGen       total 96256K, used 7467K [0x00000006c1c00000, 0x00000006c7a00000, 0x000000076b400000)
  object space 96256K, 7% used [0x00000006c1c00000,0x00000006c234ace8,0x00000006c7a00000)
 Metaspace       used 27317K, capacity 29104K, committed 29440K, reserved 1075200K
  class space    used 3663K, capacity 4030K, committed 4096K, reserved 1048576K
Event: 8.105 GC heap after
Heap after GC invocations=7 (full 1):
 PSYoungGen      total 110592K, used 6037K [0x000000076b400000, 0x0000000772c00000, 0x00000007c0000000)
  eden space 104448K, 0% used [0x000000076b400000,0x000000076b400000,0x0000000771a00000)
  from space 6144K, 98% used [0x0000000772600000,0x0000000772be55c0,0x0000000772c00000)
  to   space 8704K, 0% used [0x0000000771b00000,0x0000000771b00000,0x0000000772380000)
 ParOldGen       total 96256K, used 7475K [0x00000006c1c00000, 0x00000006c7a00000, 0x000000076b400000)
  object space 96256K, 7% used [0x00000006c1c00000,0x00000006c234cce8,0x00000006c7a00000)
 Metaspace       used 27317K, capacity 29104K, committed 29440K, reserved 1075200K
  class space    used 3663K, capacity 4030K, committed 4096K, reserved 1048576K
}

Deoptimization events (10 events):
Event: 5.630 Thread 0x00000000028c3000 Uncommon trap: reason=array_check action=maybe_recompile pc=0x00000000032544fc method=java.util.AbstractCollection.toArray([Ljava/lang/Object;)[Ljava/lang/Object; @ 119
Event: 5.631 Thread 0x00000000028c3000 Uncommon trap: reason=array_check action=maybe_recompile pc=0x00000000032544fc method=java.util.AbstractCollection.toArray([Ljava/lang/Object;)[Ljava/lang/Object; @ 119
Event: 5.633 Thread 0x00000000028c3000 Uncommon trap: reason=array_check action=maybe_recompile pc=0x00000000032544fc method=java.util.AbstractCollection.toArray([Ljava/lang/Object;)[Ljava/lang/Object; @ 119
Event: 5.641 Thread 0x00000000028c3000 Uncommon trap: reason=unstable_if action=reinterpret pc=0x000000000315b390 method=java.util.Arrays.equals([Ljava/lang/Object;[Ljava/lang/Object;)Z @ 65
Event: 5.820 Thread 0x0000000020728800 Uncommon trap: reason=unstable_if action=reinterpret pc=0x0000000002e8cc48 method=jdk.internal.org.objectweb.asm.Type.getArgumentsAndReturnSizes(Ljava/lang/String;)I @ 47
Event: 7.778 Thread 0x00000000028c3000 Uncommon trap: reason=unstable_if action=reinterpret pc=0x0000000002dc2658 method=java.util.HashMap.hash(Ljava/lang/Object;)I @ 1
Event: 7.925 Thread 0x00000000028c3000 Uncommon trap: reason=unstable_if action=reinterpret pc=0x0000000002fcee8c method=java.net.URL.<init>(Ljava/net/URL;Ljava/lang/String;Ljava/net/URLStreamHandler;)V @ 347
Event: 8.070 Thread 0x00000000028c3000 Uncommon trap: reason=unstable_if action=reinterpret pc=0x0000000003248228 method=java.util.Hashtable$Enumerator.nextElement()Ljava/lang/Object; @ 71
Event: 8.070 Thread 0x00000000028c3000 Uncommon trap: reason=unstable_if action=reinterpret pc=0x0000000003137210 method=java.util.Hashtable$Enumerator.nextElement()Ljava/lang/Object; @ 71
Event: 8.245 Thread 0x00000000028c3000 Uncommon trap: reason=bimorphic action=maybe_recompile pc=0x00000000031be8a0 method=java.util.HashMap.putVal(ILjava/lang/Object;Ljava/lang/Object;ZZ)Ljava/lang/Object; @ 203

Classes redefined (0 events):
No events

Internal exceptions (10 events):
Event: 7.982 Thread 0x00000000028c3000 Exception <a 'java/lang/ClassNotFoundException': org/springframework/core/PriorityOrderedCustomizer> (0x000000076e5bb508) thrown at [C:\re\workspace\8-2-build-windows-amd64-cygwin\jdk8u202\12323\hotspot\src\share\vm\classfile\systemDictionary.cpp, line 21
Event: 7.983 Thread 0x00000000028c3000 Exception <a 'java/lang/ClassNotFoundException': org/springframework/core/OrderedCustomizer> (0x000000076e5e2478) thrown at [C:\re\workspace\8-2-build-windows-amd64-cygwin\jdk8u202\12323\hotspot\src\share\vm\classfile\systemDictionary.cpp, line 210]
Event: 7.984 Thread 0x00000000028c3000 Exception <a 'java/lang/ClassNotFoundException': org/springframework/context/ResourceLoaderAwareCustomizer> (0x000000076e6131d8) thrown at [C:\re\workspace\8-2-build-windows-amd64-cygwin\jdk8u202\12323\hotspot\src\share\vm\classfile\systemDictionary.cpp, 
Event: 7.985 Thread 0x00000000028c3000 Exception <a 'java/lang/ClassNotFoundException': org/springframework/beans/factory/AwareCustomizer> (0x000000076e63fb60) thrown at [C:\re\workspace\8-2-build-windows-amd64-cygwin\jdk8u202\12323\hotspot\src\share\vm\classfile\systemDictionary.cpp, line 210
Event: 7.985 Thread 0x00000000028c3000 Exception <a 'java/lang/ClassNotFoundException': org/springframework/beans/factory/BeanClassLoaderAwareCustomizer> (0x000000076e6743b0) thrown at [C:\re\workspace\8-2-build-windows-amd64-cygwin\jdk8u202\12323\hotspot\src\share\vm\classfile\systemDictionar
Event: 7.986 Thread 0x00000000028c3000 Exception <a 'java/lang/ClassNotFoundException': org/springframework/beans/factory/AwareCustomizer> (0x000000076e6a0e08) thrown at [C:\re\workspace\8-2-build-windows-amd64-cygwin\jdk8u202\12323\hotspot\src\share\vm\classfile\systemDictionary.cpp, line 210
Event: 7.986 Thread 0x00000000028c3000 Exception <a 'java/lang/ClassNotFoundException': org/springframework/context/EnvironmentAwareCustomizer> (0x000000076e6cf4e0) thrown at [C:\re\workspace\8-2-build-windows-amd64-cygwin\jdk8u202\12323\hotspot\src\share\vm\classfile\systemDictionary.cpp, lin
Event: 7.987 Thread 0x00000000028c3000 Exception <a 'java/lang/ClassNotFoundException': org/springframework/beans/factory/AwareCustomizer> (0x000000076e6fbe38) thrown at [C:\re\workspace\8-2-build-windows-amd64-cygwin\jdk8u202\12323\hotspot\src\share\vm\classfile\systemDictionary.cpp, line 210
Event: 8.185 Thread 0x00000000028c3000 Exception <a 'java/lang/IncompatibleClassChangeError': Found class java.lang.Object, but interface was expected> (0x000000076cad7158) thrown at [C:\re\workspace\8-2-build-windows-amd64-cygwin\jdk8u202\12323\hotspot\src\share\vm\interpreter\linkResolver.cp
Event: 8.732 Thread 0x00000000028c3000 Exception <a 'java/lang/NoSuchMethodError': java.lang.Object.lambda$getRequiredAttribute$0(Ljava/lang/String;)Ljava/lang/IllegalArgumentException;> (0x0000000770e271e8) thrown at [C:\re\workspace\8-2-build-windows-amd64-cygwin\jdk8u202\12323\hotspot\src\s

Events (10 events):
Event: 8.761 loading class org/springframework/beans/factory/support/ManagedMap
Event: 8.761 loading class org/springframework/beans/factory/support/ManagedMap done
Event: 8.762 loading class org/springframework/beans/factory/support/ManagedProperties
Event: 8.762 loading class org/springframework/beans/factory/support/ManagedProperties done
Event: 8.762 loading class org/springframework/beans/factory/support/AutowireUtils
Event: 8.762 loading class org/springframework/beans/factory/support/AutowireUtils done
Event: 8.764 loading class org/springframework/beans/factory/support/ConstructorResolver$ConstructorPropertiesChecker
Event: 8.764 loading class org/springframework/beans/factory/support/ConstructorResolver$ConstructorPropertiesChecker done
Event: 8.765 loading class org/springframework/util/MethodInvoker
Event: 8.765 loading class org/springframework/util/MethodInvoker done


Dynamic libraries:
0x00007ff6075a0000 - 0x00007ff6075d7000 	D:\software\Java1.8\bin\java.exe
0x00007ffbff1c0000 - 0x00007ffbff3b0000 	C:\WINDOWS\SYSTEM32\ntdll.dll
0x00007ffbfd4c0000 - 0x00007ffbfd572000 	C:\WINDOWS\System32\KERNEL32.DLL
0x00007ffbfc390000 - 0x00007ffbfc635000 	C:\WINDOWS\System32\KERNELBASE.dll
0x00007ffbfea70000 - 0x00007ffbfeb13000 	C:\WINDOWS\System32\ADVAPI32.dll
0x00007ffbfd410000 - 0x00007ffbfd4ae000 	C:\WINDOWS\System32\msvcrt.dll
0x00007ffbfda60000 - 0x00007ffbfdaf7000 	C:\WINDOWS\System32\sechost.dll
0x00007ffbfd940000 - 0x00007ffbfda5f000 	C:\WINDOWS\System32\RPCRT4.dll
0x00007ffbfd270000 - 0x00007ffbfd404000 	C:\WINDOWS\System32\USER32.dll
0x00007ffbfc1f0000 - 0x00007ffbfc211000 	C:\WINDOWS\System32\win32u.dll
0x00007ffbfdf00000 - 0x00007ffbfdf26000 	C:\WINDOWS\System32\GDI32.dll
0x00007ffbfd0d0000 - 0x00007ffbfd268000 	C:\WINDOWS\System32\gdi32full.dll
0x00007ffbfcee0000 - 0x00007ffbfcf7e000 	C:\WINDOWS\System32\msvcp_win.dll
0x00007ffbfc660000 - 0x00007ffbfc75a000 	C:\WINDOWS\System32\ucrtbase.dll
0x00007ffbec890000 - 0x00007ffbecb14000 	C:\WINDOWS\WinSxS\amd64_microsoft.windows.common-controls_6595b64144ccf1df_6.0.18362.1379_none_9e7ff3b3e45cc0c4\COMCTL32.dll
0x00007ffbfd580000 - 0x00007ffbfd8b7000 	C:\WINDOWS\System32\combase.dll
0x00007ffbfc220000 - 0x00007ffbfc2a1000 	C:\WINDOWS\System32\bcryptPrimitives.dll
0x00007ffbfe180000 - 0x00007ffbfe1ae000 	C:\WINDOWS\System32\IMM32.DLL
0x00007ffbc5e90000 - 0x00007ffbc5ebb000 	D:\software\MacType\MacType64.dll
0x00007ffbc5ec0000 - 0x00007ffbc5f0f000 	D:\software\MacType\Easyhk64.dll
0x00007ffbc5d90000 - 0x00007ffbc5e8e000 	D:\software\MacType\MacType64.Core.dll
0x00000000563b0000 - 0x0000000056482000 	D:\software\Java1.8\jre\bin\msvcr100.dll
0x0000000055200000 - 0x0000000055aa5000 	D:\software\Java1.8\jre\bin\server\jvm.dll
0x00007ffbfeb20000 - 0x00007ffbfeb28000 	C:\WINDOWS\System32\PSAPI.DLL
0x00007ffbe6270000 - 0x00007ffbe6279000 	C:\WINDOWS\SYSTEM32\WSOCK32.dll
0x00007ffbf9cc0000 - 0x00007ffbf9ce4000 	C:\WINDOWS\SYSTEM32\WINMM.dll
0x00007ffbfbc40000 - 0x00007ffbfbc4a000 	C:\WINDOWS\SYSTEM32\VERSION.dll
0x0000000000a70000 - 0x0000000000adf000 	C:\WINDOWS\System32\WS2_32.dll
0x00007ffbf9a70000 - 0x00007ffbf9a9d000 	C:\WINDOWS\SYSTEM32\winmmbase.dll
0x00007ffbfc2b0000 - 0x00007ffbfc2fa000 	C:\WINDOWS\System32\cfgmgr32.dll
0x00007ffbf8040000 - 0x00007ffbf804f000 	D:\software\Java1.8\jre\bin\verify.dll
0x00007ffbf8010000 - 0x00007ffbf8039000 	D:\software\Java1.8\jre\bin\java.dll
0x00007ffbee070000 - 0x00007ffbee0a5000 	D:\software\Java1.8\jre\bin\jdwp.dll
0x00007ffbee060000 - 0x00007ffbee068000 	D:\software\Java1.8\jre\bin\npt.dll
0x00007ffbece20000 - 0x00007ffbece43000 	D:\software\Java1.8\jre\bin\instrument.dll
0x00007ffbf7ff0000 - 0x00007ffbf8006000 	D:\software\Java1.8\jre\bin\zip.dll
0x00007ffbfe1b0000 - 0x00007ffbfe898000 	C:\WINDOWS\System32\SHELL32.dll
0x00007ffbfdd80000 - 0x00007ffbfde27000 	C:\WINDOWS\System32\shcore.dll
0x00007ffbfc760000 - 0x00007ffbfcedb000 	C:\WINDOWS\System32\windows.storage.dll
0x00007ffbfc0c0000 - 0x00007ffbfc0e3000 	C:\WINDOWS\System32\profapi.dll
0x00007ffbfc0f0000 - 0x00007ffbfc13a000 	C:\WINDOWS\System32\powrprof.dll
0x00007ffbfc070000 - 0x00007ffbfc080000 	C:\WINDOWS\System32\UMPDC.dll
0x00007ffbfdb00000 - 0x00007ffbfdb52000 	C:\WINDOWS\System32\shlwapi.dll
0x00007ffbfc0a0000 - 0x00007ffbfc0b1000 	C:\WINDOWS\System32\kernel.appcore.dll
0x00007ffbfc640000 - 0x00007ffbfc657000 	C:\WINDOWS\System32\cryptsp.dll
0x00007ffbece10000 - 0x00007ffbece19000 	D:\software\Java1.8\jre\bin\dt_socket.dll
0x00007ffbfb840000 - 0x00007ffbfb8a7000 	C:\WINDOWS\system32\mswsock.dll
0x00007ffbf7fc0000 - 0x00007ffbf7fda000 	D:\software\Java1.8\jre\bin\net.dll
0x00007ffbece60000 - 0x00007ffbed036000 	C:\WINDOWS\SYSTEM32\urlmon.dll
0x00007ffbecb30000 - 0x00007ffbecdd7000 	C:\WINDOWS\SYSTEM32\iertutil.dll
0x00007ffbfba10000 - 0x00007ffbfba1c000 	C:\WINDOWS\SYSTEM32\CRYPTBASE.DLL
0x00007ffbfb550000 - 0x00007ffbfb58a000 	C:\WINDOWS\SYSTEM32\IPHLPAPI.DLL
0x00007ffbfd4b0000 - 0x00007ffbfd4b8000 	C:\WINDOWS\System32\NSI.dll
0x00007ffbf1830000 - 0x00007ffbf1846000 	C:\WINDOWS\SYSTEM32\dhcpcsvc6.DLL
0x00007ffbf17b0000 - 0x00007ffbf17cc000 	C:\WINDOWS\SYSTEM32\dhcpcsvc.DLL
0x00007ffbfb590000 - 0x00007ffbfb65b000 	C:\WINDOWS\SYSTEM32\DNSAPI.dll
0x00007ffbe3a60000 - 0x00007ffbe3a6d000 	D:\software\Java1.8\jre\bin\management.dll
0x00007ffbd56f0000 - 0x00007ffbd5706000 	C:\WINDOWS\system32\napinsp.dll
0x00007ffbd5620000 - 0x00007ffbd563a000 	C:\WINDOWS\system32\pnrpnsp.dll
0x00007ffbe1aa0000 - 0x00007ffbe1aae000 	C:\WINDOWS\System32\winrnr.dll
0x00007ffbf7e50000 - 0x00007ffbf7e6c000 	C:\WINDOWS\system32\NLAapi.dll
0x00007ffbf6780000 - 0x00007ffbf6795000 	C:\WINDOWS\system32\wshbth.dll
0x00007ffbf3620000 - 0x00007ffbf362a000 	C:\Windows\System32\rasadhlp.dll
0x00007ffbef290000 - 0x00007ffbef307000 	C:\WINDOWS\System32\fwpuclnt.dll
0x00007ffbfc300000 - 0x00007ffbfc326000 	C:\WINDOWS\System32\bcrypt.dll
0x00007ffbf7ef0000 - 0x00007ffbf7f02000 	D:\software\Java1.8\jre\bin\nio.dll

VM Arguments:
jvm_args: -agentlib:jdwp=transport=dt_socket,address=127.0.0.1:54572,suspend=y,server=n -ea -Didea.test.cyclic.buffer.size=1048576 -javaagent:C:\Users\Michael\AppData\Local\JetBrains\IntelliJIdea2020.3\captureAgent\debugger-agent.jar -Dfile.encoding=UTF-8 
java_command: com.intellij.rt.junit.JUnitStarter -ideVersion5 -junit5 com.michael.inventroyservice.InventroyServiceApplicationTests,contextLoads
java_class_path (initial): D:\software\IntelliJ IDEA 2020.3\lib\idea_rt.jar;D:\software\repo\org\junit\platform\junit-platform-launcher\1.6.3\junit-platform-launcher-1.6.3.jar;D:\software\repo\org\junit\vintage\junit-vintage-engine\5.6.3\junit-vintage-engine-5.6.3.jar;D:\software\IntelliJ IDEA 2020.3\plugins\junit\lib\junit5-rt.jar;D:\software\IntelliJ IDEA 2020.3\plugins\junit\lib\junit-rt.jar;D:\software\Java1.8\jre\lib\charsets.jar;D:\software\Java1.8\jre\lib\deploy.jar;D:\software\Java1.8\jre\lib\ext\access-bridge-64.jar;D:\software\Java1.8\jre\lib\ext\cldrdata.jar;D:\software\Java1.8\jre\lib\ext\dnsns.jar;D:\software\Java1.8\jre\lib\ext\jaccess.jar;D:\software\Java1.8\jre\lib\ext\jfxrt.jar;D:\software\Java1.8\jre\lib\ext\localedata.jar;D:\software\Java1.8\jre\lib\ext\nashorn.jar;D:\software\Java1.8\jre\lib\ext\sunec.jar;D:\software\Java1.8\jre\lib\ext\sunjce_provider.jar;D:\software\Java1.8\jre\lib\ext\sunmscapi.jar;D:\software\Java1.8\jre\lib\ext\sunpkcs11.jar;D:\software\Java1.8\jre\lib\ext\zipfs.jar;D:\software\Java1.8\jre\lib\javaws.jar;D:\software\Java1.8\jre\lib\jce.jar;D:\software\Java1.8\jre\lib\jfr.jar;D:\software\Java1.8\jre\lib\jfxswt.jar;D:\software\Java1.8\jre\lib\jsse.jar;D:\software\Java1.8\jre\lib\management-agent.jar;D:\software\Java1.8\jre\lib\plugin.jar;D:\software\Java1.8\jre\lib\resources.jar;D:\software\Java1.8\jre\lib\rt.jar;D:\software\project\distribute\inventroy-service\target\test-classes;D:\software\project\distribute\inventroy-service\target\classes;D:\software\repo\org\springframework\cloud\spring-cloud-starter-netflix-eureka-client\2.2.6.RELEASE\spring-cloud-starter-netflix-eureka-client-2.2.6.RELEASE.jar;D:\software\repo\org\springframework\cloud\spring-cloud-starter\2.2.6.RELEASE\spring-cloud-starter-2.2.6.RELEASE.jar;D:\software\repo\org\springframework\cloud\spring-cloud-context\2.2.6.RELEASE\spring-cloud-context-2.2.6.RELEASE.jar;D:\software\repo\org\springframework\security\spring-security-crypto\5.3.6.RELEASE\spring-secur
Launcher Type: SUN_STANDARD

Environment Variables:
JAVA_HOME=D:\software\Java1.8
CLASSPATH=.;D:\software\Java1.8\lib\dt.jar;D:\software\Java1.8\lib\tools.jar;
PATH=D:\software\vmware\bin\;D:\software\xmanage\xshell6\;C:\Program Files (x86)\Intel\Intel(R) Management Engine Components\iCLS\;C:\Program Files\Intel\Intel(R) Management Engine Components\iCLS\;C:\Windows\system32;C:\Windows;C:\Windows\System32\Wbem;C:\Windows\System32\WindowsPowerShell\v1.0\;C:\Windows\System32\OpenSSH\;C:\Program Files (x86)\Intel\Intel(R) Management Engine Components\DAL;C:\Program Files\Intel\Intel(R) Management Engine Components\DAL;C:\Program Files\Intel\WiFi\bin\;C:\Program Files\Common Files\Intel\WirelessCommon\;C:\Program Files (x86)\NVIDIA Corporation\PhysX\Common;C:\Program Files\NVIDIA Corporation\NVIDIA NvDLISR;D:\software\Java1.8\bin;D:\software\Java1.8\jre\bin;D:\software\apache-maven-3.6.3\bin;D:\software\Git\Git\cmd;C:\WINDOWS\system32;C:\WINDOWS;C:\WINDOWS\System32\Wbem;C:\WINDOWS\System32\WindowsPowerShell\v1.0\;C:\WINDOWS\System32\OpenSSH\;C:\Users\Michael\AppData\Local\Microsoft\WindowsApps;;D:\software\IntelliJ IDEA 2020.3\bin;
USERNAME=Michael
OS=Windows_NT
PROCESSOR_IDENTIFIER=Intel64 Family 6 Model 142 Stepping 10, GenuineIntel



---------------  S Y S T E M  ---------------

OS: Windows 10.0 , 64 bit Build 18362 (10.0.18362.1350)

CPU:total 8 (initial active 8) (4 cores per cpu, 2 threads per core) family 6 model 142 stepping 10, cmov, cx8, fxsr, mmx, sse, sse2, sse3, ssse3, sse4.1, sse4.2, popcnt, avx, avx2, aes, clmul, erms, 3dnowpref, lzcnt, ht, tsc, tscinvbit, bmi1, bmi2, adx

Memory: 4k page, physical 16658152k(3599296k free), swap 27143908k(10256k free)

vm_info: Java HotSpot(TM) 64-Bit Server VM (25.202-b08) for windows-amd64 JRE (1.8.0_202-b08), built on Dec 15 2018 19:54:30 by "java_re" with MS VC++ 10.0 (VS2010)

time: Tue Mar 02 11:00:26 2021
timezone: 中国标准时间
elapsed time: 8 seconds (0d 0h 0m 8s)

